<?xml version="1.0" encoding="UTF-8"?>
<!-- Generated by org.testng.reporters.JUnitReportReporter -->
<testsuite skipped="0" hostname="DESKTOP-NB9994G" name="FacebookAutomation.LoginPageTest" tests="1" failures="0" timestamp="28 May 2020 09:37:03 GMT" time="0.649" errors="0">
  <testcase name="Login" time="0.649" classname="FacebookAutomation.LoginPageTest"/>
</testsuite> <!-- FacebookAutomation.LoginPageTest -->
